0:100  0:100  MemLog inited, TSC freq: 1800278390
0:100  0:000  CPU was calibrated with RTC
0:100  0:000  
0:100  0:000  Now is 16.5.2020,  3:31:50 (GMT)
0:100  0:000  Starting Clover revision: 5070 on American Megatrends EFI
0:100  0:000  Build with: [Args: -D NO_GRUB_DRIVERS_EMBEDDED | -D NO_GRUB_DRIVERS_EMBEDDED -D USE_LOW_EBDA -a X64 -b RELEASE -t XCODE8 -n 5 | OS: 10.14.6 | XCODE: 10.3]
0:100  0:000  SelfDevicePath=PciRoot(0x0)\Pci(0x1D,0x4)\Pci(0x0,0x0)\NVMe(0x1,92-27-46-60-24-A7-79-64)\HD(3,GPT,FE729FC3-D203-4099-925B-2027A248B85C,0xC949000,0x64000) @35E08798
0:100  0:000  SelfDirPath = \EFI\BOOT
0:101  0:000  SimpleTextEx Status=Success
0:101  0:000  === [ Get Smbios ] ========================================
0:105  0:004  Type 16 Index = 0
0:106  0:000  Total Memory Slots Count = 2
0:106  0:000  Type 17 Index = 0
0:106  0:000  Ignoring insane frequency value 0MHz
0:106  0:000  SmbiosTable.Type17->Speed = 0MHz
0:106  0:000  SmbiosTable.Type17->Size = 0MB
0:106  0:000  SmbiosTable.Type17->Bank/Device = BANK 0 ChannelA-DIMM0
0:106  0:000  SmbiosTable.Type17->Vendor = <null string>
0:106  0:000  SmbiosTable.Type17->SerialNumber = <null string>
0:106  0:000  SmbiosTable.Type17->PartNumber = <null string>
0:106  0:000  Type 17 Index = 1
0:106  0:000  SmbiosTable.Type17->Speed = 2667MHz
0:106  0:000  SmbiosTable.Type17->Size = 16384MB
0:106  0:000  SmbiosTable.Type17->Bank/Device = BANK 2 ChannelB-DIMM0
0:106  0:000  SmbiosTable.Type17->Vendor = Samsung
0:106  0:000  SmbiosTable.Type17->SerialNumber = 326F2413
0:106  0:000  SmbiosTable.Type17->PartNumber = M471A2K43DB1-CTD    
0:106  0:000  Boot status=0
0:106  0:000  Running on: 'PF4WN2F' with board 'PF4WN2F'
0:106  0:000  === [ GetCPUProperties ] ==================================
0:106  0:000  CPU Vendor = 756E6547 Model=806EC
0:106  0:000   The CPU supported SSE4.1
0:106  0:000  BrandString = Intel(R) Core(TM) i5-8265U CPU @ 1.60GHz
0:106  0:000   The CPU supported turbo
0:106  0:000  MSR 0x35               40008
0:106  0:000   TSC/CCC Information Leaf:
0:106  0:000    numerator     : 150
0:106  0:000    denominator   : 2
0:106  0:000   Calibrated ARTFrequency: 24003711
0:106  0:000   Rounded ARTFrequency: 24100000
0:106  0:000  MSR 0xE2 before patch 1E008008
0:106  0:000  MSR 0xE2 is locked, PM patches will be turned on
0:106  0:000  MSR 0xCE              0004043D_F1011200
0:106  0:000  corrected FLEX_RATIO = 0
0:106  0:000  MSR 0x1B0             00000000
0:106  0:000  FSBFrequency = 83 MHz, DMI FSBFrequency = 100 MHz, Corrected FSBFrequency = 100 MHz
0:106  0:000  MaxDiv/MinDiv: 18.0/4
0:106  0:000  Turbo: 37/37/38/39
0:106  0:000  Features: 0xBFEBFBFF
0:106  0:000  Threads: 8
0:106  0:000  Cores: 4
0:106  0:000  FSB: 100 MHz
0:106  0:000  CPU: 1485 MHz
0:106  0:000  TSC: 1485 MHz
0:106  0:000  PIS: 100 MHz
0:106  0:000  ExternalClock: 25 MHz
0:106  0:000  === [ GetDevices ] ========================================
0:106  0:000  GOP found at: PciRoot(0x0)/Pci(0x2,0x0)/AcpiAdr(0x80011400)
0:106  0:000  PCI (00|00:00.00) : 8086 3E34 class=060000
0:106  0:000  PCI (00|00:02.00) : 8086 3EA0 class=030000
0:106  0:000   - GOP: Provided by device
0:106  0:000   - GFX: Model=Intel UHD Graphics 620 (Intel)
0:106  0:000  PCI (00|00:08.00) : 8086 1911 class=088000
0:106  0:000  PCI (00|00:12.00) : 8086 9DF9 class=118000
0:106  0:000  PCI (00|00:14.00) : 8086 9DED class=0C0330
0:106  0:000  PCI (00|00:14.02) : 8086 9DEF class=050000
0:106  0:000  PCI (00|00:14.03) : 8086 9DF0 class=028000
0:106  0:000   - WIFI: Vendor=Intel
0:106  0:000  PCI (00|00:15.00) : 8086 9DE8 class=0C8000
0:106  0:000  PCI (00|00:16.00) : 8086 9DE0 class=078000
0:106  0:000  PCI (00|00:17.00) : 8086 9DD3 class=010601
0:106  0:000  PCI (00|00:1C.00) : 8086 9DBC class=060400
0:106  0:000  PCI (00|01:00.00) : 10DE 1D13 class=030200
0:106  0:000  PCI (00|00:1D.00) : 8086 9DB0 class=060400
0:106  0:000  PCI (00|00:1D.03) : 8086 9DB3 class=060400
0:106  0:000  PCI (00|03:00.00) : 10EC 8168 class=020000
0:106  0:000   - LAN: 0 Vendor=Realtek
0:106  0:000  PCI (00|00:1D.04) : 8086 9DB4 class=060400
0:106  0:000  PCI (00|04:00.00) : 1987 5008 class=010802
0:106  0:000  PCI (00|00:1F.00) : 8086 9D84 class=060100
0:106  0:000  PCI (00|00:1F.03) : 8086 9DC8 class=040300
0:106  0:000  PCI (00|00:1F.04) : 8086 9DA3 class=0C0500
0:106  0:000  PCI (00|00:1F.05) : 8086 9DA4 class=0C8000
0:106  0:000  === [ GetDefaultSettings ] ================================
0:106  0:000  Clover load options size = 0 bytes
0:108  0:002  EFI\CLOVER\config.plist loaded: Success
0:113  0:004  === [ GetListOfThemes ] ===================================
0:113  0:000  - [00]: embedded
0:114  0:000  - [00]: random
0:114  0:000  === [ Found config plists ] ===============================
0:114  0:000  - config.plist
0:115  0:000  === [ GetEarlyUserSettings ] ==============================
0:115  0:000  timeout set to 5
0:115  0:000  Custom boot CUSTOM_BOOT_APPLE (0x0)
0:115  0:000  ForceKextsToLoad: 1 requested
0:115  0:000   - [0]: System\Library\Extensions\IONetworkingFamily.kext
0:115  0:000  KextsToPatch: 16 requested
0:115  0:000   - [00]: AppleIntelBDWGraphicsFramebuffer (DVMT for AppleIntelBDWGraphicsFramebuffer (Credits DalianSky) for 10.14.x) :: MatchOS: 10.14.x :: BinPatch :: data len: 5
0:115  0:000   - [01]: AppleIntelSKLGraphicsFramebuffer (DVMT for AppleIntelSKLGraphicsFramebuffer﻿ (Credits DalianSky) for 10.14.x) :: MatchOS: 10.14.x :: BinPatch :: data len: 5
0:115  0:000   - [02]: AppleIntelKBLGraph﻿icsFramebuffer﻿﻿﻿ (DVMT for AppleIntelKBLGraphicsFramebuffer﻿ (Credits DalianSky) for 10.14.x) :: MatchOS: 10.14.x :: BinPatch :: data len: 5
0:115  0:000   - [03]: AppleIntelCFLGraphicsFramebuffer (DVMT for AppleIntelCFLGraphicsFramebuffer﻿ (Credits DalianSky) for 10.14.x) :: MatchOS: 10.14.x :: BinPatch :: data len: 5
0:115  0:000   - [04]: AppleIntelCFLGraphicsFramebuffer (DVMT for AppleIntelCFLGraphicsFramebuffer﻿ (Credits DalianSky) for 10.14.x) :: MatchOS: 10.14.x :: BinPatch :: data len: 5
0:115  0:000   - [05]: AppleIntelLpssI2C (Disable AppleIntelLpssI2C (credit by Coolstar)) :: PlistPatch :: data len: 5
0:115  0:000   - [06]: AppleIntelLpssI2CController (Disable AppleIntelLpssI2CCOntroller (credit by Coolstar)) :: PlistPatch :: data len: 5
0:115  0:000   - [07]: IOBufferCopyController (disable IOBufferCopyController (Credit by DalianSky)) :: PlistPatch :: data len: 5
0:115  0:000   - [08]: com.apple.driver.usb.AppleUSBXHCI (10.13.x USB Port Limit Patch) :: MatchOS: 10.13.4,10.13.5 :: BinPatch :: data len: 10
0:115  0:000   - [09]: com.apple.driver.usb.AppleUSBXHCI (USB 10.13.6 by PMHeart) :: MatchOS: 10.13.6 :: BinPatch :: data len: 10
0:115  0:000   - [10]: com.apple.driver.usb.AppleUSBXHCI (disable USB Port Limit Patch (PMheart) for 10.14 beta2) :: MatchOS: 10.14 :: BinPatch :: data len: 9
0:115  0:000   - [11]: com.apple.iokit.IOUSBHostFamily (USB port limit patch #1 10.14.x modify by DalianSky(credit ydeng)) :: MatchOS: 10.14.x :: BinPatch :: data len: 4
0:115  0:000   - [12]: com.apple.iokit.IOUSBHostFamily (USB port limit patch #2 10.14.x modify by DalianSky(credit PMHeart)) :: MatchOS: 10.14.x :: BinPatch :: data len: 4
0:115  0:000   - [13]: com.apple.driver.usb.AppleUSBXHCI (USB Port limit patch #3 10.14.x modify by DalianSky(credits PMheart)) :: MatchOS: 10.14,10.14.1,10.14.2,10.14.3 :: BinPatch :: data len: 4
0:115  0:000   - [14]: com.apple.driver.usb.AppleUSBXHCI (USB Port limit patch #4 10.14.x modify by DalianSky(credits PMheart)) :: MatchOS: 10.14.x :: BinPatch :: data len: 4
0:115  0:000   - [15]: com.apple.driver.AppleRTC (AppleRTC for 10.14.4) :: MatchOS: 10.14.x :: BinPatch :: data len: 4
0:115  0:000  KernelToPatch: 5 requested
0:115  0:000   - [00]: Disable panic kext logging on 10.13 Debug kernel :: MatchOS: 10.13 :: data len: 6
0:115  0:000   - [01]: Disable panic kext logging on Release kernel :: MatchOS: 10.13 :: data len: 6
0:115  0:000   - [02]: Disable panic kext logging on Release kernel :: MatchOS: 10.14,10.14.1,10.14.2,10.14.3 :: data len: 6
0:116  0:000   - [03]: Disable panic kext logging on Release kernel :: MatchOS: 10.14.4,10.14.5,10.14.6 :: data len: 6
0:116  0:000   - [04]: MSR 0xE2 _xcpm_idle instant reboot(c) Pike R. Alpha :: data len: 8
0:116  0:000  Hiding entries with string Preboot
0:116  0:000  Hiding entries with string Recovery
0:116  0:000  Hiding entries with string Windows
0:116  0:000  ** Warning: unknown custom entry Type 'Other'
0:116  0:000  === [ LoadDrivers ] =======================================
0:117  0:001  Loading apfs.efi  status=Success
0:131  0:014   - driver needs connecting
0:131  0:000  Loading ApfsDriverLoader.efi  status=Success
0:134  0:002   - driver needs connecting
0:134  0:000  Loading AptioMemoryFix-64.efi  status=Success
0:138  0:003  Loading AudioDxe.efi  status=Success
0:141  0:003   - driver needs connecting
0:141  0:000  Loading DataHubDxe.efi  status=Success
0:146  0:004  Loading EmuVariableUefi.efi  status=Success
0:149  0:003  EmuVariableUefi Initialize: VariableCommonInitialize = Success, orig services stored, install gEmuVariableControlProtocolGuid = Success
0:150  0:000  Loading EnglishDxe.efi  status=Success
0:153  0:002  Loading Fat.efi  status=Success
0:156  0:003   - driver needs connecting
0:156  0:000  Loading FSInject.efi  status=Success
0:159  0:003  Loading NvmExpressDxe.efi  status=Success
0:162  0:003   - driver needs connecting
0:163  0:000  Loading PartitionDxe.efi  status=Success
0:166  0:003   - driver needs connecting
0:166  0:000  Loading SMCHelper.efi  status=Success
0:169  0:002  6 drivers needs connecting ...
0:169  0:000  PlatformDriverOverrideProtocol not found. Installing ... Success
0:169  0:000  Partition driver loaded: 
0:169  0:000  APFS driver loaded
0:169  0:000  Searching for invalid DiskIo BY_DRIVER connects: not found, all ok
4:450  4:280  EmuVariable InstallEmulation: orig vars copied, emu.var.services installed, CreateEvent VirtualAddressChange = Success, CreateEvent ExitBootServices = Success, set Status=Success
4:480  0:030  === [ InitScreen ] ========================================
4:481  0:000  Console modes reported: 4, available modes:
4:481  0:000   - [01]: 80x25 (current mode)
4:481  0:000   - [02]: 80x50
4:481  0:000   - [03]: 100x31
4:481  0:000   - [04]: 240x56
4:481  0:000  SetScreenResolution: 1920x1080 - already set
4:481  0:000  reinit: self device path=PciRoot(0x0)\Pci(0x1D,0x4)\Pci(0x0,0x0)\NVMe(0x1,92-27-46-60-24-A7-79-64)\HD(3,GPT,FE729FC3-D203-4099-925B-2027A248B85C,0xC949000,0x64000)
4:481  0:000  === [ GetMacAddress ] =====================================
4:481  0:000  MAC address of LAN #0= 00:E0:4C:86:08:E8:
4:481  0:000  === [ ScanSPD ] ===========================================
4:481  0:000  Scanning SMBus [8086:9DA3], mmio: 0x6771C004, ioport: 0xEFA0, hostc: 0x11
4:500  0:018  Slot: 2 Type 26 16384MB 2666MHz Vendor=Samsung PartNo=M471A2K43DB1-CTD SerialNo=0302060F02040103
4:500  0:000  === [ GetAcpiTablesList ] =================================
4:510  0:009  Get Acpi Tables List from RSDT:
4:510  0:000   - [00]: FACP  A M I  len=132
4:510  0:000   - [01]: APIC  A M I  len=188
4:510  0:000   - [02]: FPDT  A M I  len=68
4:510  0:000   - [03]: FIDT  A M I len=156
4:510  0:000   - [04]: MCFG  A M I  len=60
4:510  0:000   - [05]: SSDT  CpuSsdt len=6940
4:510  0:000   - [06]: MSDM  A M I  len=85
4:510  0:000   - [07]: SSDT  SaSsdt  len=12742
4:510  0:000   - [08]: HPET  A M I  len=56
4:510  0:000   - [09]: SSDT  Ther_Rvp len=2417
4:510  0:000   - [10]: SSDT  xh_whld4 len=12274
4:510  0:000   - [11]: UEFI  A M I  len=66
4:510  0:000   - [12]: LPIT  A M I  len=148
4:510  0:000   - [13]: DBGP  A M I  len=52
4:510  0:000   - [14]: DBG2  A M I  len=84
4:510  0:000   - [15]: DMAR  EDK2     len=168
4:510  0:000   - [16]: SSDT  ADebTabl len=324
4:510  0:000   - [17]: SSDT  SgRpSsdt len=1159
4:510  0:000   - [18]: BGRT  A M I  len=56
4:510  0:000   - [19]: TPM2  A M I  len=52
4:510  0:000   - [20]: SSDT  OptTabl len=7942
4:510  0:000   - [21]: WSMT  A M I  len=40
4:510  0:000  Calibrated TSC Frequency = 1800278390 = 1800MHz
4:510  0:000  === [ GetUserSettings ] ===================================
4:510  0:000  USB FixOwnership: yes
4:510  0:000  Dropping 2 tables:
4:510  0:000   - [00]: Drop table  signature="#MCF" (46434D23)
4:510  0:000           - set table: 46434D23,                0 to drop: no
4:510  0:000   - [01]: Drop table  signature="DMAR" (52414D44)
4:510  0:000           - set table: 52414D44,                0 to drop: yes
4:510  0:000   - final DSDT Fix mask=00000000
4:510  0:000  PatchesDSDT: 13 requested
4:510  0:000   - [00]: (change OSID to XSID (to avoid match against _OSI XOSI patch)) lenToFind: 4, lenToReplace: 4, Target Bridge: <null string>
4:510  0:000    patch disabled at config
4:510  0:000   - [01]: (change _OSI to XOSI) lenToFind: 4, lenToReplace: 4, Target Bridge: <null string>
4:510  0:000    patch disabled at config
4:510  0:000   - [02]: (change _DSM to XDSM) lenToFind: 4, lenToReplace: 4, Target Bridge: <null string>
4:510  0:000    patch disabled at config
4:510  0:000   - [03]: (change EC0 to EC) lenToFind: 4, lenToReplace: 4, Target Bridge: <null string>
4:510  0:000   - [04]: (change H_EC to EC) lenToFind: 4, lenToReplace: 4, Target Bridge: <null string>
4:510  0:000   - [05]: (change ECDV to EC) lenToFind: 4, lenToReplace: 4, Target Bridge: <null string>
4:510  0:000   - [06]: (change HDAS to HDEF) lenToFind: 4, lenToReplace: 4, Target Bridge: <null string>
4:510  0:000   - [07]: (change HECI to IMEI) lenToFind: 4, lenToReplace: 4, Target Bridge: <null string>
4:510  0:000   - [08]: (change MEI to IMEI) lenToFind: 4, lenToReplace: 4, Target Bridge: <null string>
4:510  0:000   - [09]: (change GFX0 to IGPU) lenToFind: 4, lenToReplace: 4, Target Bridge: <null string>
4:510  0:000   - [10]: (change PCI0.VID to IGPU #1 (Thinkpad)) lenToFind: 8, lenToReplace: 8, Target Bridge: <null string>
4:510  0:000   - [11]: (change PCI0.VID to IGPU #2 (Thinkpad)) lenToFind: 14, lenToReplace: 14, Target Bridge: <null string>
4:510  0:000   - [12]: (Fix AsRock Z390 BIOS DSDT Device(RTC) bug) lenToFind: 8, lenToReplace: 8, Target Bridge: <null string>
4:510  0:000  Using ProductName from config: MacBookAir6,2
4:510  0:000  BiosVersion: not set, Using BiosVersion from clover
4:510  0:000  BiosVersion: MBA61.88Z.F000.B00.1906131925
4:510  0:000  BiosReleaseDate: 06/13/2019
4:510  0:000  Using EfiVersion from clover: 117.0.0.0.0
4:510  0:000  Using FirmwareFeatures from clover: 0xE00FE137
4:510  0:000  Using FirmwareFeaturesMask from clover: 0xFF1FFF3F
4:510  0:000  PlatformFeature will not set in SMBIOS
4:511  0:000  === [ Found DSDT tables ] =================================
4:511  0:000  - DSDT.aml
4:658  0:146  === [ ScanVolumes ] =======================================
4:658  0:000  Found 11 volumes with blockIO
4:658  0:000  - [00]: Volume: PciRoot(0x0)\Pci(0x1D,0x4)\Pci(0x0,0x0)\NVMe(0x1,92-27-46-60-24-A7-79-64)
4:658  0:000          Result of bootcode detection: bootable unknown (legacy)
4:658  0:000  - [01]: Volume: PciRoot(0x0)\Pci(0x1D,0x4)\Pci(0x0,0x0)\NVMe(0x1,92-27-46-60-24-A7-79-64)\HD(1,GPT,7AE82A43-A28E-4962-A6D6-818EE45C3BC5,0x3A800,0x10F000)
4:658  0:000          Result of bootcode detection: bootable unknown (legacy)
4:658  0:000  - [02]: Volume: PciRoot(0x0)\Pci(0x1D,0x4)\Pci(0x0,0x0)\NVMe(0x1,92-27-46-60-24-A7-79-64)\HD(2,GPT,ED47A1D1-B789-4AD4-BF9F-06D38EDAE46D,0x149800,0xC7FF800)
4:659  0:000          Result of bootcode detection: bootable unknown (legacy)
4:659  0:000  - [03]: Volume: PciRoot(0x0)\Pci(0x1D,0x4)\Pci(0x0,0x0)\NVMe(0x1,92-27-46-60-24-A7-79-64)\HD(3,GPT,FE729FC3-D203-4099-925B-2027A248B85C,0xC949000,0x64000)
4:659  0:000          Result of bootcode detection: bootable Windows (win)
4:660  0:000          This is SelfVolume !!
4:660  0:000  - [04]: Volume: PciRoot(0x0)\Pci(0x1D,0x4)\Pci(0x0,0x0)\NVMe(0x1,92-27-46-60-24-A7-79-64)\HD(4,GPT,9BE212E0-FA99-4786-A22A-6BF81F8D5CF2,0x2BE6A800,0xFB76A88)
4:660  0:000          Result of bootcode detection: bootable unknown (legacy)
4:660  0:000  - [05]: Volume: PciRoot(0x0)\Pci(0x1D,0x4)\Pci(0x0,0x0)\NVMe(0x1,92-27-46-60-24-A7-79-64)\HD(1,GPT,7AE82A43-A28E-4962-A6D6-818EE45C3BC5,0x3A800,0x10F000)\VenMedia(BE74FCF7-0B7C-49F3-9147-01F4042E6842,EF2843821A141C4F831C3A856021EA56)
4:660  0:000  - [06]: Volume: PciRoot(0x0)\Pci(0x1D,0x4)\Pci(0x0,0x0)\NVMe(0x1,92-27-46-60-24-A7-79-64)\HD(2,GPT,ED47A1D1-B789-4AD4-BF9F-06D38EDAE46D,0x149800,0xC7FF800)\VenMedia(BE74FCF7-0B7C-49F3-9147-01F4042E6842,6CC4D7CB59C2FE42AEDD6AA94FD652AA)
4:660  0:000  - [07]: Volume: PciRoot(0x0)\Pci(0x1D,0x4)\Pci(0x0,0x0)\NVMe(0x1,92-27-46-60-24-A7-79-64)\HD(4,GPT,9BE212E0-FA99-4786-A22A-6BF81F8D5CF2,0x2BE6A800,0xFB76A88)\VenMedia(BE74FCF7-0B7C-49F3-9147-01F4042E6842,9D878126A8AAD94D81E679DD35D5FC2B)
4:660  0:000          hiding this volume
4:660  0:000  - [08]: Volume: PciRoot(0x0)\Pci(0x1D,0x4)\Pci(0x0,0x0)\NVMe(0x1,92-27-46-60-24-A7-79-64)\HD(4,GPT,9BE212E0-FA99-4786-A22A-6BF81F8D5CF2,0x2BE6A800,0xFB76A88)\VenMedia(BE74FCF7-0B7C-49F3-9147-01F4042E6842,0DA13494795BB447A1546095F3327F4A)
4:660  0:000  - [09]: Volume: PciRoot(0x0)\Pci(0x1D,0x4)\Pci(0x0,0x0)\NVMe(0x1,92-27-46-60-24-A7-79-64)\HD(4,GPT,9BE212E0-FA99-4786-A22A-6BF81F8D5CF2,0x2BE6A800,0xFB76A88)\VenMedia(BE74FCF7-0B7C-49F3-9147-01F4042E6842,10A39ACC99FF24429B9FA11E8953717C)
4:660  0:000          hiding this volume
4:660  0:000  - [10]: Volume: PciRoot(0x0)\Pci(0x1D,0x4)\Pci(0x0,0x0)\NVMe(0x1,92-27-46-60-24-A7-79-64)\HD(4,GPT,9BE212E0-FA99-4786-A22A-6BF81F8D5CF2,0x2BE6A800,0xFB76A88)\VenMedia(BE74FCF7-0B7C-49F3-9147-01F4042E6842,3BE6061CAE5EAE43A4A34180792974D9)
4:661  0:000  PutNvramPlistToRtVars: nvram.plist not found
4:661  0:000  found 2 handles with audio
4:661  0:000  No AudioIoDevice stored
4:661  0:000  no stored audio parameters
4:661  0:000  === [ InitTheme ] =========================================
4:661  0:000  use night theme
4:661  0:000   using embedded theme
4:661  0:000  got embedded sound
4:661  0:000    Channels: 2  Sample rate: 8000 Hz  Bits: 16
4:661  0:000  output to channel 0 with volume 70, len=25600
4:661  0:000   sound channels=2 bits=16 freq=8000
4:661  0:000  sound converted to 48kHz
4:661  0:000  not found AudioIo to play
4:661  0:000  sound play end with status=Not Found
4:662  0:000  Using embedded font: Success
4:663  0:000  theme inited
4:663  0:000  Chosen embedded theme
4:663  0:000  after NVRAM boot-args=-v -lilubetaall debug=0x100 -disablegfxfirmware darkwake=8 slide=1
4:663  0:000  === [ Dump SMC keys from NVRAM ] ==========================
4:663  0:000  found AppleSMC protocol
4:663  0:000  Registered 0 SMC keys
4:663  0:000  === [ AddCustomEntries ] ==================================
4:663  0:000  Custom entry 0 skipped because it is disabled.
4:663  0:000  === [ ScanLoader ] ========================================
4:663  0:000  - [03]: 'EFI'
4:665  0:002          AddLoaderEntry for Volume Name=EFI
4:665  0:000          skipped because entry is hidden
4:665  0:000  - [05]: '*}'
4:666  0:000  - [06]: 'Space'
4:666  0:000  - [07]: 'Preboot', hidden
4:666  0:000  - [08]: 'MacOS'
4:673  0:007          AddLoaderEntry for Volume Name=MacOS
4:673  0:000      Not match custom entry 0: Type: not match
4:675  0:001      hibernated: set as never
4:677  0:001  - [09]: 'Recovery', hidden
4:677  0:000  - [10]: 'VM'
4:677  0:000  === [ AddCustomTool ] =====================================
4:678  0:000  found tool \EFI\CLOVER\tools\Shell64U.efi
4:678  0:000  Checking EFI partition Volume 3 for Clover
4:678  0:000   Found Clover
4:678  0:000  EmuVariable UninstallEmulation: CloseEvent = Success, original var services restored
4:679  0:000  EmuVariable InstallEmulation: orig vars copied, emu.var.services installed, CreateEvent VirtualAddressChange = Success, CreateEvent ExitBootServices = Success, set Status=Success
4:710  0:031  === [ GetEfiBootDeviceFromNvram ] =========================
4:710  0:000  Default boot entry not found
4:710  0:000  EmuVariable UninstallEmulation: CloseEvent = Success, original var services restored
4:710  0:000  DefaultIndex=-1 and MainMenu.EntryCount=7
4:806  0:095  can't bear mouse at all! Status=Unsupported
4:806  0:000  GUI ready
5:623  0:816  can't bear mouse at all! Status=Unsupported
6:263  0:640  can't bear mouse at sel! Status=Unsupported
11:002  4:738  can't bear mouse at all! Status=Unsupported
11:309  0:307  can't bear mouse at sel! Status=Unsupported
11:725  0:415  can't bear mouse at sel! Status=Unsupported
13:743  2:017  exit from MainMenu 7
21:329  7:586  can't bear mouse at all! Status=Unsupported
21:745  0:415  can't bear mouse at all! Status=Unsupported
22:172  0:426  can't bear mouse at sel! Status=Unsupported
22:612  0:440  can't bear mouse at sel! Status=Unsupported
23:598  0:986  can't bear mouse at sel! Status=Unsupported
24:248  0:649  can't bear mouse at sel! Status=Unsupported
24:729  0:480  can't bear mouse at sel! Status=Unsupported
27:771  3:042  exit from MainMenu 3
27:771  0:000  
Boot options:
-------------
27:771  0:000  BootOrder: 1: Boot0001
27:771  0:000   0) Boot0001: UEFI OS, Attr: 0x1
27:771  0:000      HD(3,GPT,FE729FC3-D203-4099-925B-2027A248B85C,0xC949000,0x64000)\EFI\BOOT\BOOTX64.EFII
27:771  0:000      Size: 120 (Attr:4 + FPl:2 + Desc:16 + FP:94 + Opt:4 = 120 -> OK)
27:771  0:000  -------------
27:771  0:000  
AddBootOptionForFile: 35E08798, \EFI\CLOVER\CLOVERX64.EFI, ShortDevPath
 Clover start boot.efi at MacOS, 0
27:771  0:000  AddBootOption: Clover start boot.efi at MacOS
27:771  0:000   FilePath: HD(3,GPT,FE729FC3-D203-4099-925B-2027A248B85C,0xC949000,0x64000)\EFI\CLOVER\CLOVERX64.EFII
27:771  0:000   BootIndex: 0
27:771  0:000   Found BootNum: 0000
27:775  0:003   Boot0000 saved
27:775  0:000  AddToBootOrder: Boot0000 at index 0
27:775  0:000  BootOrder: 1: Boot0001
27:777  0:001  SetVariable: BootOrder = Success
27:777  0:000   2: Boot0000, Boot0001
27:777  0:000  AddBootOptionForFile: done.
27:777  0:000  Entry 0 assigned option 0000
27:777  0:000  
Boot options:
-------------
27:777  0:000  BootOrder: 2: Boot0000, Boot0001
27:777  0:000   0) Boot0000: Clover start boot.efi at MacOS, Attr: 0x1
27:777  0:000      HD(3,GPT,FE729FC3-D203-4099-925B-2027A248B85C,0xC949000,0x64000)\EFI\CLOVER\CLOVERX64.EFII
27:777  0:000      Size: 206 (Attr:4 + FPl:2 + Desc:62 + FP:102 + Opt:36 = 206 -> OK)
27:778  0:000   1) Boot0001: UEFI OS, Attr: 0x1
27:778  0:000      HD(3,GPT,FE729FC3-D203-4099-925B-2027A248B85C,0xC949000,0x64000)\EFI\BOOT\BOOTX64.EFII
27:778  0:000      Size: 120 (Attr:4 + FPl:2 + Desc:16 + FP:94 + Opt:4 = 120 -> OK)
27:778  0:000  -------------
27:778  0:000  ReinitSelfLib after theme change
27:778  0:000  reinit: self device path=PciRoot(0x0)\Pci(0x1D,0x4)\Pci(0x0,0x0)\NVMe(0x1,92-27-46-60-24-A7-79-64)\HD(3,GPT,FE729FC3-D203-4099-925B-2027A248B85C,0xC949000,0x64000)
27:778  0:000  === [ ScanVolumes ] =======================================
27:778  0:000  Found 11 volumes with blockIO
27:778  0:000  - [00]: Volume: PciRoot(0x0)\Pci(0x1D,0x4)\Pci(0x0,0x0)\NVMe(0x1,92-27-46-60-24-A7-79-64)
27:779  0:000          Result of bootcode detection: bootable unknown (legacy)
27:779  0:000  - [01]: Volume: PciRoot(0x0)\Pci(0x1D,0x4)\Pci(0x0,0x0)\NVMe(0x1,92-27-46-60-24-A7-79-64)\HD(1,GPT,7AE82A43-A28E-4962-A6D6-818EE45C3BC5,0x3A800,0x10F000)
27:779  0:000          Result of bootcode detection: bootable unknown (legacy)
27:779  0:000  - [02]: Volume: PciRoot(0x0)\Pci(0x1D,0x4)\Pci(0x0,0x0)\NVMe(0x1,92-27-46-60-24-A7-79-64)\HD(2,GPT,ED47A1D1-B789-4AD4-BF9F-06D38EDAE46D,0x149800,0xC7FF800)
27:779  0:000          Result of bootcode detection: bootable unknown (legacy)
27:779  0:000  - [03]: Volume: PciRoot(0x0)\Pci(0x1D,0x4)\Pci(0x0,0x0)\NVMe(0x1,92-27-46-60-24-A7-79-64)\HD(3,GPT,FE729FC3-D203-4099-925B-2027A248B85C,0xC949000,0x64000)
27:780  0:000          Result of bootcode detection: bootable Windows (win)
27:780  0:000          This is SelfVolume !!
27:780  0:000  - [04]: Volume: PciRoot(0x0)\Pci(0x1D,0x4)\Pci(0x0,0x0)\NVMe(0x1,92-27-46-60-24-A7-79-64)\HD(4,GPT,9BE212E0-FA99-4786-A22A-6BF81F8D5CF2,0x2BE6A800,0xFB76A88)
27:780  0:000          Result of bootcode detection: bootable unknown (legacy)
27:780  0:000  - [05]: Volume: PciRoot(0x0)\Pci(0x1D,0x4)\Pci(0x0,0x0)\NVMe(0x1,92-27-46-60-24-A7-79-64)\HD(1,GPT,7AE82A43-A28E-4962-A6D6-818EE45C3BC5,0x3A800,0x10F000)\VenMedia(BE74FCF7-0B7C-49F3-9147-01F4042E6842,EF2843821A141C4F831C3A856021EA56)
27:781  0:000  - [06]: Volume: PciRoot(0x0)\Pci(0x1D,0x4)\Pci(0x0,0x0)\NVMe(0x1,92-27-46-60-24-A7-79-64)\HD(2,GPT,ED47A1D1-B789-4AD4-BF9F-06D38EDAE46D,0x149800,0xC7FF800)\VenMedia(BE74FCF7-0B7C-49F3-9147-01F4042E6842,6CC4D7CB59C2FE42AEDD6AA94FD652AA)
27:781  0:000  - [07]: Volume: PciRoot(0x0)\Pci(0x1D,0x4)\Pci(0x0,0x0)\NVMe(0x1,92-27-46-60-24-A7-79-64)\HD(4,GPT,9BE212E0-FA99-4786-A22A-6BF81F8D5CF2,0x2BE6A800,0xFB76A88)\VenMedia(BE74FCF7-0B7C-49F3-9147-01F4042E6842,9D878126A8AAD94D81E679DD35D5FC2B)
27:781  0:000          hiding this volume
27:781  0:000  - [08]: Volume: PciRoot(0x0)\Pci(0x1D,0x4)\Pci(0x0,0x0)\NVMe(0x1,92-27-46-60-24-A7-79-64)\HD(4,GPT,9BE212E0-FA99-4786-A22A-6BF81F8D5CF2,0x2BE6A800,0xFB76A88)\VenMedia(BE74FCF7-0B7C-49F3-9147-01F4042E6842,0DA13494795BB447A1546095F3327F4A)
27:781  0:000  - [09]: Volume: PciRoot(0x0)\Pci(0x1D,0x4)\Pci(0x0,0x0)\NVMe(0x1,92-27-46-60-24-A7-79-64)\HD(4,GPT,9BE212E0-FA99-4786-A22A-6BF81F8D5CF2,0x2BE6A800,0xFB76A88)\VenMedia(BE74FCF7-0B7C-49F3-9147-01F4042E6842,10A39ACC99FF24429B9FA11E8953717C)
27:781  0:000          hiding this volume
27:781  0:000  - [10]: Volume: PciRoot(0x0)\Pci(0x1D,0x4)\Pci(0x0,0x0)\NVMe(0x1,92-27-46-60-24-A7-79-64)\HD(4,GPT,9BE212E0-FA99-4786-A22A-6BF81F8D5CF2,0x2BE6A800,0xFB76A88)\VenMedia(BE74FCF7-0B7C-49F3-9147-01F4042E6842,3BE6061CAE5EAE43A4A34180792974D9)
27:781  0:000  found 2 handles with audio
27:782  0:000  No AudioIoDevice stored
27:782  0:000  no stored audio parameters
27:782  0:000  theme inited
27:782  0:000  Chosen embedded theme
27:782  0:000  after NVRAM boot-args=-v -lilubetaall debug=0x100 -disablegfxfirmware darkwake=8 slide=1
27:782  0:000  === [ AddCustomEntries ] ==================================
27:782  0:000  Custom entry 0 skipped because it is disabled.
27:782  0:000  === [ ScanLoader ] ========================================
27:782  0:000  - [03]: 'EFI'
27:784  0:001          AddLoaderEntry for Volume Name=EFI
27:784  0:000          skipped because entry is hidden
27:784  0:000  - [05]: '*}'
27:784  0:000  - [06]: 'Space'
27:784  0:000  - [07]: 'Preboot', hidden
27:784  0:000  - [08]: 'MacOS'
27:785  0:000          AddLoaderEntry for Volume Name=MacOS
27:785  0:000      Not match custom entry 0: Type: not match
27:785  0:000      hibernated: set as never
27:786  0:001  - [09]: 'Recovery', hidden
27:786  0:000  - [10]: 'VM'
27:787  0:000  === [ AddCustomTool ] =====================================
27:787  0:000  found tool \EFI\CLOVER\tools\Shell64U.efi
27:787  0:000  Checking EFI partition Volume 3 for Clover
27:787  0:000   Found Clover
27:787  0:000  EmuVariable UninstallEmulation: CloseEvent = Invalid Parameter, original var services restored
27:787  0:000  EmuVariable InstallEmulation: orig vars copied, emu.var.services installed, CreateEvent VirtualAddressChange = Success, CreateEvent ExitBootServices = Success, set Status=Success
27:819  0:031  === [ GetEfiBootDeviceFromNvram ] =========================
27:819  0:000  Default boot entry not found
27:819  0:000  EmuVariable UninstallEmulation: CloseEvent = Success, original var services restored
27:819  0:000  DefaultIndex=-1 and MainMenu.EntryCount=7
27:907  0:087  can't bear mouse at all! Status=Unsupported
28:782  0:874  can't bear mouse at all! Status=Unsupported
29:113  0:330  can't bear mouse at sel! Status=Unsupported
31:884  2:770  can't bear mouse at all! Status=Unsupported
34:720  2:836  exit from MainMenu 3
34:720  0:000  
Boot options:
-------------
34:720  0:000  BootOrder: 2: Boot0000, Boot0001
34:720  0:000   0) Boot0000: Clover start boot.efi at MacOS, Attr: 0x1
34:720  0:000      HD(3,GPT,FE729FC3-D203-4099-925B-2027A248B85C,0xC949000,0x64000)\EFI\CLOVER\CLOVERX64.EFII
34:720  0:000      Size: 206 (Attr:4 + FPl:2 + Desc:62 + FP:102 + Opt:36 = 206 -> OK)
34:720  0:000   1) Boot0001: UEFI OS, Attr: 0x1
34:720  0:000      HD(3,GPT,FE729FC3-D203-4099-925B-2027A248B85C,0xC949000,0x64000)\EFI\BOOT\BOOTX64.EFII
34:720  0:000      Size: 120 (Attr:4 + FPl:2 + Desc:16 + FP:94 + Opt:4 = 120 -> OK)
34:720  0:000  -------------
34:720  0:000  
DeleteBootOptionForFile: 35E08798, \EFI\CLOVER\CLOVERX64.EFI
34:721  0:000  FindBootOptionForFile: 35E08798, \EFI\CLOVER\CLOVERX64.EFI
34:721  0:000  BootOrder: 2: Boot0000, Boot0001
34:721  0:000   Searching for: PciRoot(0x0)\Pci(0x1D,0x4)\Pci(0x0,0x0)\NVMe(0x1,92-27-46-60-24-A7-79-64)\HD(3,GPT,FE729FC3-D203-4099-925B-2027A248B85C,0xC949000,0x64000)\EFI\CLOVER\CLOVERX64.EFII (Len: 142)
34:721  0:000   and for: HD(3,GPT,FE729FC3-D203-4099-925B-2027A248B85C,0xC949000,0x64000)\EFI\CLOVER\CLOVERX64.EFII (Len: 102)
34:721  0:000  FindBootOptionForFile: Found Boot0000, at index 0
34:721  0:000  	deleted option: 0000
34:721  0:000  DeleteBootOption: Boot0000
34:722  0:001   Boot0000 deleted
34:722  0:000  DeleteFromBootOrder: 0000
34:722  0:000  BootOrder: 2: Boot0000, Boot0001
34:722  0:000   found at index 0
34:724  0:001  SetVariable: BootOrder = Success
34:724  0:000  FindBootOptionForFile: 35E08798, \EFI\CLOVER\CLOVERX64.EFI
34:724  0:000  BootOrder: 1: Boot0001
34:724  0:000   Searching for: PciRoot(0x0)\Pci(0x1D,0x4)\Pci(0x0,0x0)\NVMe(0x1,92-27-46-60-24-A7-79-64)\HD(3,GPT,FE729FC3-D203-4099-925B-2027A248B85C,0xC949000,0x64000)\EFI\CLOVER\CLOVERX64.EFII (Len: 142)
34:724  0:000   and for: HD(3,GPT,FE729FC3-D203-4099-925B-2027A248B85C,0xC949000,0x64000)\EFI\CLOVER\CLOVERX64.EFII (Len: 102)
34:724  0:000  FindBootOptionForFile: Not found.
34:724  0:000  
Boot options:
-------------
34:724  0:000  BootOrder: 1: Boot0001
34:725  0:000   0) Boot0001: UEFI OS, Attr: 0x1
34:725  0:000      HD(3,GPT,FE729FC3-D203-4099-925B-2027A248B85C,0xC949000,0x64000)\EFI\BOOT\BOOTX64.EFII
34:725  0:000      Size: 120 (Attr:4 + FPl:2 + Desc:16 + FP:94 + Opt:4 = 120 -> OK)
34:725  0:000  -------------
34:725  0:000  ReinitSelfLib after theme change
34:725  0:000  reinit: self device path=PciRoot(0x0)\Pci(0x1D,0x4)\Pci(0x0,0x0)\NVMe(0x1,92-27-46-60-24-A7-79-64)\HD(3,GPT,FE729FC3-D203-4099-925B-2027A248B85C,0xC949000,0x64000)
34:726  0:000  === [ ScanVolumes ] =======================================
34:726  0:000  Found 11 volumes with blockIO
34:726  0:000  - [00]: Volume: PciRoot(0x0)\Pci(0x1D,0x4)\Pci(0x0,0x0)\NVMe(0x1,92-27-46-60-24-A7-79-64)
34:726  0:000          Result of bootcode detection: bootable unknown (legacy)
34:726  0:000  - [01]: Volume: PciRoot(0x0)\Pci(0x1D,0x4)\Pci(0x0,0x0)\NVMe(0x1,92-27-46-60-24-A7-79-64)\HD(1,GPT,7AE82A43-A28E-4962-A6D6-818EE45C3BC5,0x3A800,0x10F000)
34:726  0:000          Result of bootcode detection: bootable unknown (legacy)
34:726  0:000  - [02]: Volume: PciRoot(0x0)\Pci(0x1D,0x4)\Pci(0x0,0x0)\NVMe(0x1,92-27-46-60-24-A7-79-64)\HD(2,GPT,ED47A1D1-B789-4AD4-BF9F-06D38EDAE46D,0x149800,0xC7FF800)
34:727  0:000          Result of bootcode detection: bootable unknown (legacy)
34:727  0:000  - [03]: Volume: PciRoot(0x0)\Pci(0x1D,0x4)\Pci(0x0,0x0)\NVMe(0x1,92-27-46-60-24-A7-79-64)\HD(3,GPT,FE729FC3-D203-4099-925B-2027A248B85C,0xC949000,0x64000)
34:727  0:000          Result of bootcode detection: bootable Windows (win)
34:727  0:000          This is SelfVolume !!
34:727  0:000  - [04]: Volume: PciRoot(0x0)\Pci(0x1D,0x4)\Pci(0x0,0x0)\NVMe(0x1,92-27-46-60-24-A7-79-64)\HD(4,GPT,9BE212E0-FA99-4786-A22A-6BF81F8D5CF2,0x2BE6A800,0xFB76A88)
34:728  0:000          Result of bootcode detection: bootable unknown (legacy)
34:728  0:000  - [05]: Volume: PciRoot(0x0)\Pci(0x1D,0x4)\Pci(0x0,0x0)\NVMe(0x1,92-27-46-60-24-A7-79-64)\HD(1,GPT,7AE82A43-A28E-4962-A6D6-818EE45C3BC5,0x3A800,0x10F000)\VenMedia(BE74FCF7-0B7C-49F3-9147-01F4042E6842,EF2843821A141C4F831C3A856021EA56)
34:728  0:000  - [06]: Volume: PciRoot(0x0)\Pci(0x1D,0x4)\Pci(0x0,0x0)\NVMe(0x1,92-27-46-60-24-A7-79-64)\HD(2,GPT,ED47A1D1-B789-4AD4-BF9F-06D38EDAE46D,0x149800,0xC7FF800)\VenMedia(BE74FCF7-0B7C-49F3-9147-01F4042E6842,6CC4D7CB59C2FE42AEDD6AA94FD652AA)
34:728  0:000  - [07]: Volume: PciRoot(0x0)\Pci(0x1D,0x4)\Pci(0x0,0x0)\NVMe(0x1,92-27-46-60-24-A7-79-64)\HD(4,GPT,9BE212E0-FA99-4786-A22A-6BF81F8D5CF2,0x2BE6A800,0xFB76A88)\VenMedia(BE74FCF7-0B7C-49F3-9147-01F4042E6842,9D878126A8AAD94D81E679DD35D5FC2B)
34:728  0:000          hiding this volume
34:728  0:000  - [08]: Volume: PciRoot(0x0)\Pci(0x1D,0x4)\Pci(0x0,0x0)\NVMe(0x1,92-27-46-60-24-A7-79-64)\HD(4,GPT,9BE212E0-FA99-4786-A22A-6BF81F8D5CF2,0x2BE6A800,0xFB76A88)\VenMedia(BE74FCF7-0B7C-49F3-9147-01F4042E6842,0DA13494795BB447A1546095F3327F4A)
34:728  0:000  - [09]: Volume: PciRoot(0x0)\Pci(0x1D,0x4)\Pci(0x0,0x0)\NVMe(0x1,92-27-46-60-24-A7-79-64)\HD(4,GPT,9BE212E0-FA99-4786-A22A-6BF81F8D5CF2,0x2BE6A800,0xFB76A88)\VenMedia(BE74FCF7-0B7C-49F3-9147-01F4042E6842,10A39ACC99FF24429B9FA11E8953717C)
34:728  0:000          hiding this volume
34:728  0:000  - [10]: Volume: PciRoot(0x0)\Pci(0x1D,0x4)\Pci(0x0,0x0)\NVMe(0x1,92-27-46-60-24-A7-79-64)\HD(4,GPT,9BE212E0-FA99-4786-A22A-6BF81F8D5CF2,0x2BE6A800,0xFB76A88)\VenMedia(BE74FCF7-0B7C-49F3-9147-01F4042E6842,3BE6061CAE5EAE43A4A34180792974D9)
34:729  0:000  found 2 handles with audio
34:729  0:000  No AudioIoDevice stored
34:729  0:000  no stored audio parameters
34:729  0:000  theme inited
34:729  0:000  Chosen embedded theme
34:729  0:000  after NVRAM boot-args=-v -lilubetaall debug=0x100 -disablegfxfirmware darkwake=8 slide=1
34:729  0:000  === [ AddCustomEntries ] ==================================
34:729  0:000  Custom entry 0 skipped because it is disabled.
34:729  0:000  === [ ScanLoader ] ========================================
34:729  0:000  - [03]: 'EFI'
34:731  0:001          AddLoaderEntry for Volume Name=EFI
34:731  0:000          skipped because entry is hidden
34:731  0:000  - [05]: '*}'
34:731  0:000  - [06]: 'Space'
34:731  0:000  - [07]: 'Preboot', hidden
34:731  0:000  - [08]: 'MacOS'
34:732  0:000          AddLoaderEntry for Volume Name=MacOS
34:732  0:000      Not match custom entry 0: Type: not match
34:733  0:000      hibernated: set as never
34:733  0:000  - [09]: 'Recovery', hidden
34:733  0:000  - [10]: 'VM'
34:734  0:000  === [ AddCustomTool ] =====================================
34:734  0:000  found tool \EFI\CLOVER\tools\Shell64U.efi
34:734  0:000  Checking EFI partition Volume 3 for Clover
34:734  0:000   Found Clover
34:734  0:000  EmuVariable UninstallEmulation: CloseEvent = Invalid Parameter, original var services restored
34:734  0:000  EmuVariable InstallEmulation: orig vars copied, emu.var.services installed, CreateEvent VirtualAddressChange = Success, CreateEvent ExitBootServices = Success, set Status=Success
34:768  0:033  === [ GetEfiBootDeviceFromNvram ] =========================
34:768  0:000  Default boot entry not found
34:768  0:000  EmuVariable UninstallEmulation: CloseEvent = Success, original var services restored
34:768  0:000  DefaultIndex=-1 and MainMenu.EntryCount=7
34:856  0:087  can't bear mouse at all! Status=Unsupported
35:786  0:929  can't bear mouse at all! Status=Unsupported
36:320  0:534  can't bear mouse at sel! Status=Unsupported
37:807  1:486  can't bear mouse at all! Status=Unsupported
37:924  0:116  can't bear mouse at sel! Status=Unsupported
38:344  0:420  exit from MainMenu 1
50:563  12:219  can't bear mouse at all! Status=Unsupported
51:110  0:546  can't bear mouse at all! Status=Unsupported
51:460  0:350  can't bear mouse at all! Status=Unsupported
51:615  0:154  can't bear mouse at all! Status=Unsupported
51:927  0:312  can't bear mouse at sel! Status=Unsupported
52:115  0:187  can't bear mouse at sel! Status=Unsupported
52:278  0:162  can't bear mouse at sel! Status=Unsupported
53:097  0:819  exit from MainMenu 1
54:497  1:399  can't bear mouse at all! Status=Unsupported
54:734  0:236  can't bear mouse at all! Status=Unsupported
55:048  0:314  can't bear mouse at sel! Status=Unsupported
55:244  0:195  can't bear mouse at sel! Status=Unsupported
55:415  0:171  can't bear mouse at sel! Status=Unsupported
55:594  0:179  can't bear mouse at sel! Status=Unsupported
55:806  0:211  can't bear mouse at sel! Status=Unsupported
56:205  0:399  can't bear mouse at sel! Status=Unsupported
56:564  0:358  can't bear mouse at sel! Status=Unsupported
57:165  0:600  can't bear mouse at sel! Status=Unsupported
57:361  0:195  can't bear mouse at sel! Status=Unsupported
57:515  0:154  can't bear mouse at sel! Status=Unsupported
57:695  0:179  can't bear mouse at sel! Status=Unsupported
63:422  5:727  can't bear mouse at all! Status=Unsupported
63:647  0:225  can't bear mouse at sel! Status=Unsupported
65:609  1:961  can't bear mouse at sel! Status=Unsupported
65:811  0:201  can't bear mouse at sel! Status=Unsupported
66:267  0:456  can't bear mouse at sel! Status=Unsupported
66:585  0:317  can't bear mouse at sel! Status=Unsupported
66:826  0:240  exit from MainMenu 1
96:745  29:919  EDITED: MacBookAir6,2
111:725  14:979  can't bear mouse at all! Status=Unsupported
112:631  0:906  exit from MainMenu 1
112:631  0:000  Boot option Boot0000 not found
112:631  0:000  === [ StartLoader ] =======================================
112:631  0:000  Finally: ExternalClock=26MHz BusSpeed=100016kHz CPUFreq=-4294965496MHz PIS: hw.busfrequency=104000000Hz
112:632  0:000  Loading boot.efi  status=Success
112:726  0:093  GetOSVersion: 10.14.6 (18G103)
112:726  0:000  CSR_CFG: CSR_ALLOW_UNTRUSTED_KEXTS | CSR_ALLOW_UNRESTRICTED_FS | CSR_ALLOW_TASK_FOR_PID | CSR_ALLOW_UNRESTRICTED_DTRACE | CSR_ALLOW_UNRESTRICTED_NVRAM
112:726  0:000  Filtering KextPatches:
112:726  0:000   - [00]: AppleIntelBDWGraphicsFramebuffer (DVMT for AppleIntelBDWGraphicsFramebuffer (Credits DalianSky) for 10.14.x) :: BinPatch :: [OS: 10.14.6 | MatchOS: 10.14.x | MatchBuild: All] ==> allowed
112:726  0:000   - [01]: AppleIntelSKLGraphicsFramebuffer (DVMT for AppleIntelSKLGraphicsFramebuffer﻿ (Credits DalianSky) for 10.14.x) :: BinPatch :: [OS: 10.14.6 | MatchOS: 10.14.x | MatchBuild: All] ==> allowed
112:726  0:000   - [02]: AppleIntelKBLGraph﻿icsFramebuffer﻿﻿﻿ (DVMT for AppleIntelKBLGraphicsFramebuffer﻿ (Credits DalianSky) for 10.14.x) :: BinPatch :: [OS: 10.14.6 | MatchOS: 10.14.x | MatchBuild: All] ==> allowed
112:726  0:000   - [03]: AppleIntelCFLGraphicsFramebuffer (DVMT for AppleIntelCFLGraphicsFramebuffer﻿ (Credits DalianSky) for 10.14.x) :: BinPatch :: [OS: 10.14.6 | MatchOS: 10.14.x | MatchBuild: All] ==> allowed
112:726  0:000   - [04]: AppleIntelCFLGraphicsFramebuffer (DVMT for AppleIntelCFLGraphicsFramebuffer﻿ (Credits DalianSky) for 10.14.x) :: BinPatch :: [OS: 10.14.6 | MatchOS: 10.14.x | MatchBuild: All] ==> allowed
112:726  0:000   - [05]: AppleIntelLpssI2C (Disable AppleIntelLpssI2C (credit by Coolstar)) :: PlistPatch :: [OS: 10.14.6 | MatchOS: All | MatchBuild: All] ==> allowed
112:726  0:000   - [06]: AppleIntelLpssI2CController (Disable AppleIntelLpssI2CCOntroller (credit by Coolstar)) :: PlistPatch :: [OS: 10.14.6 | MatchOS: All | MatchBuild: All] ==> allowed
112:726  0:000   - [07]: IOBufferCopyController (disable IOBufferCopyController (Credit by DalianSky)) :: PlistPatch :: [OS: 10.14.6 | MatchOS: All | MatchBuild: All] ==> allowed
112:726  0:000   - [08]: com.apple.driver.usb.AppleUSBXHCI (10.13.x USB Port Limit Patch) :: BinPatch :: [OS: 10.14.6 | MatchOS: 10.13.4,10.13.5 | MatchBuild: All] ==> not allowed
112:726  0:000   - [09]: com.apple.driver.usb.AppleUSBXHCI (USB 10.13.6 by PMHeart) :: BinPatch :: [OS: 10.14.6 | MatchOS: 10.13.6 | MatchBuild: All] ==> not allowed
112:726  0:000   - [10]: com.apple.driver.usb.AppleUSBXHCI (disable USB Port Limit Patch (PMheart) for 10.14 beta2) :: BinPatch :: [OS: 10.14.6 | MatchOS: 10.14 | MatchBuild: All] ==> not allowed
112:726  0:000   - [11]: com.apple.iokit.IOUSBHostFamily (USB port limit patch #1 10.14.x modify by DalianSky(credit ydeng)) :: BinPatch :: [OS: 10.14.6 | MatchOS: 10.14.x | MatchBuild: All] ==> allowed
112:726  0:000   - [12]: com.apple.iokit.IOUSBHostFamily (USB port limit patch #2 10.14.x modify by DalianSky(credit PMHeart)) :: BinPatch :: [OS: 10.14.6 | MatchOS: 10.14.x | MatchBuild: All] ==> allowed
112:726  0:000   - [13]: com.apple.driver.usb.AppleUSBXHCI (USB Port limit patch #3 10.14.x modify by DalianSky(credits PMheart)) :: BinPatch :: [OS: 10.14.6 | MatchOS: 10.14,10.14.1,10.14.2,10.14.3 | MatchBuild: All] ==> not allowed
112:726  0:000   - [14]: com.apple.driver.usb.AppleUSBXHCI (USB Port limit patch #4 10.14.x modify by DalianSky(credits PMheart)) :: BinPatch :: [OS: 10.14.6 | MatchOS: 10.14.x | MatchBuild: All] ==> allowed
112:726  0:000   - [15]: com.apple.driver.AppleRTC (AppleRTC for 10.14.4) :: BinPatch :: [OS: 10.14.6 | MatchOS: 10.14.x | MatchBuild: All] ==> allowed
112:726  0:000  Filtering KernelPatches:
112:726  0:000   - [00]: Disable panic kext logging on 10.13 Debug kernel :: [OS: 10.14.6 | MatchOS: 10.13 | MatchBuild: no] ==> not allowed by OS
112:726  0:000   - [01]: Disable panic kext logging on Release kernel :: [OS: 10.14.6 | MatchOS: 10.13 | MatchBuild: no] ==> not allowed by OS
112:726  0:000   - [02]: Disable panic kext logging on Release kernel :: [OS: 10.14.6 | MatchOS: 10.14,10.14.1,10.14.2,10.14.3 | MatchBuild: no] ==> not allowed by OS
112:726  0:000   - [03]: Disable panic kext logging on Release kernel :: [OS: 10.14.6 | MatchOS: 10.14.4,10.14.5,10.14.6 | MatchBuild: no] ==> allowed by OS
112:726  0:000   - [04]: MSR 0xE2 _xcpm_idle instant reboot(c) Pike R. Alpha :: [OS: 10.14.6 | MatchOS: All | MatchBuild: no] ==> allowed by OS
112:726  0:000  Will not patch boot.efi
112:726  0:000  EmuVariable InstallEmulation: orig vars copied, emu.var.services installed, CreateEvent VirtualAddressChange = Success, CreateEvent ExitBootServices = Success, set Status=Success
112:760  0:033  === [ PatchSmbios ] =======================================
112:760  0:000  insert table 9 for dev 0:0
112:760  0:000  insert table 9 for dev 14:3
112:760  0:000  Table 11 present, but rewritten for us
112:761  0:001  Trusting SMBIOS...
112:761  0:000  Detected alternating SMBIOS channel banks
112:761  0:000  Channels: 1
112:761  0:000  Interleave: 0 1 2 3 4 5 6 7 8 9 10 11 12 13 14 15 16 17 18 19 20 21 22 23
112:761  0:000  SMBIOS Type 17 Index = 0 => 0 0:
112:761  0:000  BANK 0 DIMM0 EMPTY
112:761  0:000   partNum=M471A2K43DB1-CTD    
112:761  0:000  SMBIOS Type 17 Index = 1 => 1 1:
112:761  0:000  BANK 0 DIMM1 2667MHz 16384MB
112:761  0:000  mTotalSystemMemory = 16384
112:761  0:000  NumberOfMemoryDevices = 2
112:761  0:000  Type20[0]->End = 0xFFFFFF, Type17[1] = 0x4000
112:761  0:000  Table 131 is present, CPUType=31
112:761  0:000  Change to: 605
112:761  0:000  === [ PatchACPI ] =========================================
112:761  0:000  Xsdt reallocation done
112:761  0:000  old FADT length=114
112:761  0:000   SignatureFixup: 0x6AECBD4 -> 0x0
112:762  0:000  DSDT found in Clover volume OEM folder: EFI\CLOVER\ACPI\patched\DSDT.aml
112:763  0:001  Apply DsdtFixMask=0x00000000
112:763  0:000     drop _DSM mask=0xFFFF
112:764  0:000  === [ FixBiosDsdt ] =======================================
112:764  0:000  Patching DSDT:
112:764  0:000   - [change OSID to XSID (to avoid match against _OSI XOSI patch)]: disabled
112:764  0:000   - [change _OSI to XOSI]: disabled
112:764  0:000   - [change _DSM to XDSM]: disabled
112:764  0:000   - [change EC0 to EC]: pattern 4543305F, patched at: [ (1458C) (F0) (142) (87) (9B) (13) (21AC7) (A3E) (1E) (8C) (10) (20) (10) (17) (10) (1F) (10) (1D) (10) (1D) (10) (1D) (10) (D0) (16) (10) (1C) (10) (20) (10) (17) (10) (21) (10) (14) (10) (17) (10) (24) (10) (6E) (6B) (13) (1C) (BEF) (18) (1B) (18) (42) (12) (2E) (12) (12) (12) (4B) (1F) (15) (16) (54) (21) (12) (2E) (12) (12) (12) (12) (12) (49) (16) (54) (21) (12) (2E) (12) (12) (12) (4D) (16) (58) (1C7) (18) (1B) (18) ]
112:764  0:000   - [change H_EC to EC]: pattern 485F4543, bin not found / already patched!
112:765  0:000   - [change ECDV to EC]: pattern 45434456, bin not found / already patched!
112:765  0:000   - [change HDAS to HDEF]: pattern 48444153, patched at: [ (2AC) (12) (12) (E975) (76) (3F) (66) (A7) (DB) (89) (158C8) (19D0) (5E84) (8FCC) ]
112:766  0:000   - [change HECI to IMEI]: pattern 48454349, patched at: [ (134B8) (11327) (1FAE) ]
112:766  0:000   - [change MEI to IMEI]: pattern 4D45495F, bin not found / already patched!
112:767  0:000   - [change GFX0 to IGPU]: pattern 47465830, patched at: [ (192) (E) (12) (12) (12) (12) (12) (12) (12) (12) (12) (12) (12) (403F) (6791) (9D71) (1B) (A4) (1D) (3978) (14) (C36B) (1B84) (1067D) (A7) (8) (7A) (19) (63) (2E) (1565) (6BF) ]
112:767  0:000   - [change PCI0.VID to IGPU #1 (Thinkpad)]: pattern 50434930, bin not found / already patched!
112:768  0:000   - [change PCI0.VID to IGPU #2 (Thinkpad)]: pattern 5649445F, bin not found / already patched!
112:768  0:000   - [Fix AsRock Z390 BIOS DSDT Device(RTC) bug]: pattern A00A9353, bin not found / already patched!
112:769  0:000    0 replacements
112:771  0:002  PreCleanup XSDT: count=22, length=212
112:771  0:000  PreCleanup XSDT, corrected XSDT: count=22, length=212
112:771  0:000  === [ ACPIPatchedAML ] ====================================
112:771  0:000  AutoMerge pass 1
112:771  0:000  Sorted
112:771  0:000  Inserting table[0]:SSDT-BATC.aml from EFI\CLOVER\ACPI\patched: ignore on pass 1
112:771  0:000  Inserting table[1]:SSDT-RMCF.aml from EFI\CLOVER\ACPI\patched: ignore on pass 1
112:771  0:000  Inserting table[2]:SSDT-PNLFCFL.aml from EFI\CLOVER\ACPI\patched: ignore on pass 1
112:771  0:000  Inserting table[3]:SSDT-DDGPU.aml from EFI\CLOVER\ACPI\patched: ignore on pass 1
112:771  0:000  Inserting table[4]:SSDT-UIAC.aml from EFI\CLOVER\ACPI\patched: ignore on pass 1
112:771  0:000  Inserting table[5]:SSDT-PTSWAK.aml from EFI\CLOVER\ACPI\patched: ignore on pass 1
112:771  0:000  === [ ACPIDropTables ] ====================================
112:771  0:000  Drop tables from XSDT, SIGN=DMAR TableID=EDK2     Length=168
112:771  0:000   Table[15]: DMAR  EDK2      168 dropped
112:771  0:000  Patching SSDT CpuSsdt Length=6940
112:771  0:000  0. [change OSID to XSID (to avoid match against _OSI XOSI patch)]: disabled
112:771  0:000  1. [change _OSI to XOSI]: disabled
112:771  0:000  2. [change _DSM to XDSM]: disabled
112:771  0:000  3. [change EC0 to EC]: pattern 4543305F, bin not found / already patched!
112:771  0:000  4. [change H_EC to EC]: pattern 485F4543, bin not found / already patched!
112:771  0:000  5. [change ECDV to EC]: pattern 45434456, bin not found / already patched!
112:771  0:000  6. [change HDAS to HDEF]: pattern 48444153, bin not found / already patched!
112:771  0:000  7. [change HECI to IMEI]: pattern 48454349, bin not found / already patched!
112:771  0:000  8. [change MEI to IMEI]: pattern 4D45495F, bin not found / already patched!
112:771  0:000  9. [change GFX0 to IGPU]: pattern 47465830, bin not found / already patched!
112:771  0:000  10. [change PCI0.VID to IGPU #1 (Thinkpad)]: pattern 50434930, bin not found / already patched!
112:771  0:000  11. [change PCI0.VID to IGPU #2 (Thinkpad)]: pattern 5649445F, bin not found / already patched!
112:771  0:000  12. [Fix AsRock Z390 BIOS DSDT Device(RTC) bug]: pattern A00A9353, bin not found / already patched!
112:771  0:000    0 replacements
112:771  0:000  Found OperationRegion(PNVS, SystemMemory, 3ADF9000, ...)
112:772  0:000  Patching SSDT SaSsdt  Length=12742
112:772  0:000  0. [change OSID to XSID (to avoid match against _OSI XOSI patch)]: disabled
112:772  0:000  1. [change _OSI to XOSI]: disabled
112:772  0:000  2. [change _DSM to XDSM]: disabled
112:772  0:000  3. [change EC0 to EC]: pattern 4543305F, bin not found / already patched!
112:772  0:000  4. [change H_EC to EC]: pattern 485F4543, bin not found / already patched!
112:772  0:000  5. [change ECDV to EC]: pattern 45434456, bin not found / already patched!
112:772  0:000  6. [change HDAS to HDEF]: pattern 48444153, bin not found / already patched!
112:772  0:000  7. [change HECI to IMEI]: pattern 48454349, bin not found / already patched!
112:772  0:000  8. [change MEI to IMEI]: pattern 4D45495F, bin not found / already patched!
112:772  0:000  9. [change GFX0 to IGPU]: pattern 47465830, patched at: [ (2D) (3A) (46) (2C1) (1C9A) (A3A) (1D) (6AF) ]
112:772  0:000  10. [change PCI0.VID to IGPU #1 (Thinkpad)]: pattern 50434930, bin not found / already patched!
112:772  0:000  11. [change PCI0.VID to IGPU #2 (Thinkpad)]: pattern 5649445F, bin not found / already patched!
112:772  0:000  12. [Fix AsRock Z390 BIOS DSDT Device(RTC) bug]: pattern A00A9353, bin not found / already patched!
112:772  0:000    0 replacements
112:772  0:000  Found OperationRegion(SANV, SystemMemory, 3A511818, ...)
112:772  0:000  Patching SSDT Ther_Rvp Length=2417
112:772  0:000  0. [change OSID to XSID (to avoid match against _OSI XOSI patch)]: disabled
112:772  0:000  1. [change _OSI to XOSI]: disabled
112:772  0:000  2. [change _DSM to XDSM]: disabled
112:772  0:000  3. [change EC0 to EC]: pattern 4543305F, patched at: [ (1FE) (16) (21C) (16) (5C) ]
112:772  0:000  4. [change H_EC to EC]: pattern 485F4543, bin not found / already patched!
112:772  0:000  5. [change ECDV to EC]: pattern 45434456, bin not found / already patched!
112:772  0:000  6. [change HDAS to HDEF]: pattern 48444153, bin not found / already patched!
112:772  0:000  7. [change HECI to IMEI]: pattern 48454349, bin not found / already patched!
112:772  0:000  8. [change MEI to IMEI]: pattern 4D45495F, bin not found / already patched!
112:772  0:000  9. [change GFX0 to IGPU]: pattern 47465830, bin not found / already patched!
112:772  0:000  10. [change PCI0.VID to IGPU #1 (Thinkpad)]: pattern 50434930, bin not found / already patched!
112:772  0:000  11. [change PCI0.VID to IGPU #2 (Thinkpad)]: pattern 5649445F, bin not found / already patched!
112:772  0:000  12. [Fix AsRock Z390 BIOS DSDT Device(RTC) bug]: pattern A00A9353, bin not found / already patched!
112:772  0:000    0 replacements
112:772  0:000  Patching SSDT xh_whld4 Length=12274
112:772  0:000  0. [change OSID to XSID (to avoid match against _OSI XOSI patch)]: disabled
112:772  0:000  1. [change _OSI to XOSI]: disabled
112:772  0:000  2. [change _DSM to XDSM]: disabled
112:772  0:000  3. [change EC0 to EC]: pattern 4543305F, bin not found / already patched!
112:772  0:000  4. [change H_EC to EC]: pattern 485F4543, bin not found / already patched!
112:772  0:000  5. [change ECDV to EC]: pattern 45434456, bin not found / already patched!
112:772  0:000  6. [change HDAS to HDEF]: pattern 48444153, bin not found / already patched!
112:772  0:000  7. [change HECI to IMEI]: pattern 48454349, bin not found / already patched!
112:772  0:000  8. [change MEI to IMEI]: pattern 4D45495F, bin not found / already patched!
112:772  0:000  9. [change GFX0 to IGPU]: pattern 47465830, bin not found / already patched!
112:772  0:000  10. [change PCI0.VID to IGPU #1 (Thinkpad)]: pattern 50434930, bin not found / already patched!
112:772  0:000  11. [change PCI0.VID to IGPU #2 (Thinkpad)]: pattern 5649445F, bin not found / already patched!
112:772  0:000  12. [Fix AsRock Z390 BIOS DSDT Device(RTC) bug]: pattern A00A9353, bin not found / already patched!
112:772  0:000    0 replacements
112:772  0:000  Patching SSDT ADebTabl Length=324
112:772  0:000  0. [change OSID to XSID (to avoid match against _OSI XOSI patch)]: disabled
112:772  0:000  1. [change _OSI to XOSI]: disabled
112:772  0:000  2. [change _DSM to XDSM]: disabled
112:772  0:000  3. [change EC0 to EC]: pattern 4543305F, bin not found / already patched!
112:772  0:000  4. [change H_EC to EC]: pattern 485F4543, bin not found / already patched!
112:772  0:000  5. [change ECDV to EC]: pattern 45434456, bin not found / already patched!
112:772  0:000  6. [change HDAS to HDEF]: pattern 48444153, bin not found / already patched!
112:772  0:000  7. [change HECI to IMEI]: pattern 48454349, bin not found / already patched!
112:772  0:000  8. [change MEI to IMEI]: pattern 4D45495F, bin not found / already patched!
112:772  0:000  9. [change GFX0 to IGPU]: pattern 47465830, bin not found / already patched!
112:772  0:000  10. [change PCI0.VID to IGPU #1 (Thinkpad)]: pattern 50434930, bin not found / already patched!
112:772  0:000  11. [change PCI0.VID to IGPU #2 (Thinkpad)]: pattern 5649445F, bin not found / already patched!
112:772  0:000  12. [Fix AsRock Z390 BIOS DSDT Device(RTC) bug]: pattern A00A9353, bin not found / already patched!
112:772  0:000    0 replacements
112:772  0:000  Found OperationRegion(ADHD, SystemMemory, 39535000, ...)
112:772  0:000  Found OperationRegion(ABLK, SystemMemory, 39535020, ...)
112:773  0:000  Patching SSDT SgRpSsdt Length=1159
112:773  0:000  0. [change OSID to XSID (to avoid match against _OSI XOSI patch)]: disabled
112:773  0:000  1. [change _OSI to XOSI]: disabled
112:773  0:000  2. [change _DSM to XDSM]: disabled
112:773  0:000  3. [change EC0 to EC]: pattern 4543305F, bin not found / already patched!
112:773  0:000  4. [change H_EC to EC]: pattern 485F4543, bin not found / already patched!
112:773  0:000  5. [change ECDV to EC]: pattern 45434456, bin not found / already patched!
112:773  0:000  6. [change HDAS to HDEF]: pattern 48444153, bin not found / already patched!
112:773  0:000  7. [change HECI to IMEI]: pattern 48454349, bin not found / already patched!
112:773  0:000  8. [change MEI to IMEI]: pattern 4D45495F, bin not found / already patched!
112:773  0:000  9. [change GFX0 to IGPU]: pattern 47465830, bin not found / already patched!
112:773  0:000  10. [change PCI0.VID to IGPU #1 (Thinkpad)]: pattern 50434930, bin not found / already patched!
112:773  0:000  11. [change PCI0.VID to IGPU #2 (Thinkpad)]: pattern 5649445F, bin not found / already patched!
112:773  0:000  12. [Fix AsRock Z390 BIOS DSDT Device(RTC) bug]: pattern A00A9353, bin not found / already patched!
112:773  0:000    0 replacements
112:773  0:000  Patching SSDT OptTabl Length=7942
112:773  0:000  0. [change OSID to XSID (to avoid match against _OSI XOSI patch)]: disabled
112:773  0:000  1. [change _OSI to XOSI]: disabled
112:773  0:000  2. [change _DSM to XDSM]: disabled
112:773  0:000  3. [change EC0 to EC]: pattern 4543305F, patched at: [ (2BC) (18DF) ]
112:773  0:000  4. [change H_EC to EC]: pattern 485F4543, bin not found / already patched!
112:773  0:000  5. [change ECDV to EC]: pattern 45434456, bin not found / already patched!
112:773  0:000  6. [change HDAS to HDEF]: pattern 48444153, bin not found / already patched!
112:773  0:000  7. [change HECI to IMEI]: pattern 48454349, bin not found / already patched!
112:773  0:000  8. [change MEI to IMEI]: pattern 4D45495F, bin not found / already patched!
112:773  0:000  9. [change GFX0 to IGPU]: pattern 47465830, patched at: [ (3F) (E) (86D) (A6) (545) (100A) (11) ]
112:773  0:000  10. [change PCI0.VID to IGPU #1 (Thinkpad)]: pattern 50434930, bin not found / already patched!
112:773  0:000  11. [change PCI0.VID to IGPU #2 (Thinkpad)]: pattern 5649445F, bin not found / already patched!
112:773  0:000  12. [Fix AsRock Z390 BIOS DSDT Device(RTC) bug]: pattern A00A9353, bin not found / already patched!
112:773  0:000    0 replacements
112:773  0:000  === [ ACPIPatchedAML ] ====================================
112:773  0:000  AutoMerge pass 2
112:773  0:000  Sorted
112:773  0:000  Inserting table[0]:SSDT-BATC.aml from EFI\CLOVER\ACPI\patched: size=1302 ... Success
112:773  0:000  Inserting table[1]:SSDT-RMCF.aml from EFI\CLOVER\ACPI\patched: size=912 ... Success
112:773  0:000  Inserting table[2]:SSDT-PNLFCFL.aml from EFI\CLOVER\ACPI\patched: size=104 ... Success
112:773  0:000  Inserting table[3]:SSDT-DDGPU.aml from EFI\CLOVER\ACPI\patched: size=226 ... Success
112:774  0:000  Inserting table[4]:SSDT-UIAC.aml from EFI\CLOVER\ACPI\patched: size=347 ... Success
112:774  0:000  Inserting table[5]:SSDT-PTSWAK.aml from EFI\CLOVER\ACPI\patched: size=626 ... Success
112:774  0:000  CPUBase=0 and ApicCPUBase=1 ApicCPUNum=1
112:774  0:000  Maximum control=0x12
112:774  0:000  Turbo control=0x27
112:774  0:000  P-States: min 0x4, max 0x27
112:774  0:000  SSDT with plugin-type without P-States is generated
112:774  0:000  Cleanup XSDT: count=29, length=268
112:774  0:000  corrected XSDT count=28, length=260
112:774  0:000  === [ RestSetup macOS ] ===================================
112:774  0:000  EdidDiscovered size=128
112:774  0:000  --- Discovered EDID Table size:128
112:774  0:000  000  |  00  FF  FF  FF  FF  FF  FF  00  09  E5
112:774  0:000  010  |  18  07  00  00  00  00  01  1A  01  04
112:774  0:000  020  |  A5  1F  11  78  0A  21  90  A6  58  54
112:774  0:000  030  |  9F  26  10  50  54  00  00  00  01  01
112:774  0:000  040  |  01  01  01  01  01  01  01  01  01  01
112:774  0:000  050  |  01  01  01  01  3C  37  80  DE  70  38
112:774  0:000  060  |  14  40  3C  20  36  00  35  AD  10  00
112:774  0:000  070  |  00  1A  00  00  00  00  00  00  00  00
112:774  0:000  080  |  00  00  00  00  00  00  00  00  00  1A
112:774  0:000  090  |  00  00  00  00  00  00  00  00  00  00
112:774  0:000  100  |  00  00  00  00  00  00  00  00  00  00
112:774  0:000  110  |  00  FE  00  4E  56  31  34  30  46  48
112:774  0:000  120  |  4D  2D  4E  36  32  0A  00  72
112:774  0:000  Intel UHD Graphics 620 [8086:3EA0] :: PciRoot(0x0)\Pci(0x2,0x0)
112:774  0:000    IntelHDMI: used
112:774  0:000    FakeID Intel GFX = 0x3EA58086
112:774  0:000    ig-platform-id = 0x3EA50009
112:774  0:000  Intel GFX revision  = 0x2
112:774  0:000   RCBA disabled; cannot use it
112:774  0:000   setting specified layout-id=28 (0x1C)
112:774  0:000  stringlength = 1812
112:775  0:000  CurrentMode: Width=1920 Height=1080
112:775  0:000  Beginning FSInjection
FSInjectionInstall ...
- Our FSI_SIMPLE_FILE_SYSTEM_PROTOCOL installed on handle: 3521D818
FSInjectionInstall ...
- Our FSI_SIMPLE_FILE_SYSTEM_PROTOCOL installed on handle: 3521D818
112:775  0:000  Use origin smbios table type 1 guid.
112:780  0:004    Force kext: System\Library\Extensions\IONetworkingFamily.kext
112:787  0:007      Force PlugIn kext: System\Library\Extensions\IONetworkingFamily.kext\Contents\PlugIns\nvenet.kext
112:791  0:003      Force PlugIn kext: System\Library\Extensions\IONetworkingFamily.kext\Contents\PlugIns\AppleEthernetAquantiaAqtion.kext
112:796  0:004      Force PlugIn kext: System\Library\Extensions\IONetworkingFamily.kext\Contents\PlugIns\AppleBCM5701Ethernet.kext
112:801  0:005      Force PlugIn kext: System\Library\Extensions\IONetworkingFamily.kext\Contents\PlugIns\AppleIntelI210Ethernet.kext
112:805  0:003      Force PlugIn kext: System\Library\Extensions\IONetworkingFamily.kext\Contents\PlugIns\Intel82574L.kext
112:809  0:004      Force PlugIn kext: System\Library\Extensions\IONetworkingFamily.kext\Contents\PlugIns\IOEthernetAVBController.kext
112:812  0:002      Force PlugIn kext: System\Library\Extensions\IONetworkingFamily.kext\Contents\PlugIns\AppleYukon2.kext
112:823  0:011      Force PlugIn kext: System\Library\Extensions\IONetworkingFamily.kext\Contents\PlugIns\AppleEthernetAquantiaAqtionFirmware.kext
112:828  0:004      Force PlugIn kext: System\Library\Extensions\IONetworkingFamily.kext\Contents\PlugIns\AppleIntel8254XEthernet.kext
112:831  0:003      Force PlugIn kext: System\Library\Extensions\IONetworkingFamily.kext\Contents\PlugIns\AppleVmxnet3Ethernet.kext
112:834  0:003      Force PlugIn kext: System\Library\Extensions\IONetworkingFamily.kext\Contents\PlugIns\mDNSOffloadUserClient.kext
112:837  0:002  Preparing kexts injection for arch=x86_64 from EFI\CLOVER\kexts\Other
112:837  0:000  Extra kext: EFI\CLOVER\kexts\Other\WhateverGreen.kext (v.1.3.2)
112:844  0:006  Extra kext: EFI\CLOVER\kexts\Other\VoodooPS2Controller.kext (v.1.9.2)
112:848  0:003    |-- PlugIn kext: EFI\CLOVER\kexts\Other\VoodooPS2Controller.kext\Contents\PlugIns\VoodooPS2Trackpad.kext (v.1.9.2)
112:854  0:006    |-- PlugIn kext: EFI\CLOVER\kexts\Other\VoodooPS2Controller.kext\Contents\PlugIns\VoodooPS2Mouse.kext (v.1.9.2)
112:857  0:003    |-- PlugIn kext: EFI\CLOVER\kexts\Other\VoodooPS2Controller.kext\Contents\PlugIns\VoodooPS2Keyboard.kext (v.1.9.2)
112:865  0:007  Extra kext: EFI\CLOVER\kexts\Other\VoodooI2CHID.kext (v.1)
112:871  0:006  Extra kext: EFI\CLOVER\kexts\Other\VoodooI2C.kext (v.2.2)
112:878  0:007    |-- PlugIn kext: EFI\CLOVER\kexts\Other\VoodooI2C.kext\Contents\PlugIns\VoodooI2CServices.kext (v.1)
112:881  0:002    |-- PlugIn kext: EFI\CLOVER\kexts\Other\VoodooI2C.kext\Contents\PlugIns\VoodooGPIO.kext (v.1.1)
112:884  0:003  Extra kext: EFI\CLOVER\kexts\Other\USBPorts.kext (v.1.0)
112:886  0:002  Extra kext: EFI\CLOVER\kexts\Other\USBInjectAll.kext (v.0.7.1)
113:018  0:132  Extra kext: EFI\CLOVER\kexts\Other\RealtekRTL8111.kext (v.2.2.2)
113:022  0:003  Extra kext: EFI\CLOVER\kexts\Other\Lilu_v1.3.8.kext (v.1.3.8)
113:026  0:003  Extra kext: EFI\CLOVER\kexts\Other\FakeSMC.kext (v.1800)
113:033  0:006  Extra kext: EFI\CLOVER\kexts\Other\CodecCommander.kext (v.2.4.0)
113:041  0:008  Extra kext: EFI\CLOVER\kexts\Other\AppleALC.kext (v.1.4.2)
113:250  0:209  Extra kext: EFI\CLOVER\kexts\Other\ACPIBatteryManager.kext (v.1.90.1)
113:262  0:011  Custom boot screen not used because entry has unset use graphics
113:262  0:000  Closing log
